<?xml version="1.0" encoding="UTF-8"?>
<testng-results ignored="0" total="1" passed="1" failed="0" skipped="0">
  <reporter-output>
  </reporter-output>
  <suite started-at="2023-07-14T16:14:16 IST" name="Default suite" finished-at="2023-07-14T16:15:56 IST" duration-ms="100064">
    <groups>
    </groups>
    <test started-at="2023-07-14T16:14:16 IST" name="Default test" finished-at="2023-07-14T16:15:56 IST" duration-ms="100064">
      <class name="testScripts.Tc_02_Test">
        <test-method is-config="true" signature="LauchingBrowser()[pri:0, instance:testScripts.Tc_02_Test@47987356]" started-at="2023-07-14T16:14:16 IST" name="LauchingBrowser" finished-at="2023-07-14T16:14:35 IST" duration-ms="18693" status="PASS">
          <reporter-output>
          </reporter-output>
        </test-method> <!-- LauchingBrowser -->
        <test-method is-config="true" signature="navigatingToApplication()[pri:0, instance:testScripts.Tc_02_Test@47987356]" started-at="2023-07-14T16:14:35 IST" name="navigatingToApplication" finished-at="2023-07-14T16:14:49 IST" duration-ms="13165" status="PASS">
          <reporter-output>
          </reporter-output>
        </test-method> <!-- navigatingToApplication -->
        <test-method signature="createOrganizationWithTypeAndIndustry()[pri:0, instance:testScripts.Tc_02_Test@47987356]" started-at="2023-07-14T16:14:49 IST" name="createOrganizationWithTypeAndIndustry" finished-at="2023-07-14T16:15:51 IST" duration-ms="62170" status="PASS">
          <reporter-output>
          </reporter-output>
        </test-method> <!-- createOrganizationWithTypeAndIndustry -->
        <test-method is-config="true" signature="tearDownMethod()[pri:0, instance:testScripts.Tc_02_Test@47987356]" started-at="2023-07-14T16:15:51 IST" name="tearDownMethod" finished-at="2023-07-14T16:15:56 IST" duration-ms="5545" status="PASS">
          <reporter-output>
          </reporter-output>
        </test-method> <!-- tearDownMethod -->
      </class> <!-- testScripts.Tc_02_Test -->
    </test> <!-- Default test -->
  </suite> <!-- Default suite -->
</testng-results>
