<?xml version="1.0" encoding="UTF-8"?>
<!-- Generated by org.testng.reporters.JUnitXMLReporter -->
<testsuite ignored="0" hostname="DESKTOP-9FN51LS" failures="0" tests="8" name="Test" time="723.002" errors="0" timestamp="2023-07-04T09:03:37 IST">
  <testcase classname="testScripts.Tc_03_Test" name="createLeadWithMandField" time="68.987"/>
  <testcase classname="testScripts.Tc_06_Test" name="deleteLead" time="12.739"/>
  <testcase classname="testScripts.Tc_08_Test" name="newEvent" time="44.222"/>
  <testcase classname="testScripts.Tc_01_Test" name="createOrganizationWithMandField" time="34.762"/>
  <testcase classname="testScripts.Tc_05_Test" name="leadDuplicate" time="27.187"/>
  <testcase classname="testScripts.Tc_07_Test" name="createContactWithExistingOrg" time="49.724"/>
  <testcase classname="testScripts.Tc_02_Test" name="createOrganizationWithTypeAndIndustry" time="29.908"/>
  <testcase classname="testScripts.Tc_04_Test" name="createContactWithMandField" time="19.137"/>
</testsuite> <!-- Test -->
